
██████╗ ██╗██████╗ ███████╗██╗     ██╗███╗   ██╗███████╗ ██████╗
██╔══██╗██║██╔══██╗██╔════╝██║     ██║████╗  ██║██╔════╝██╔════╝
██████╔╝██║██████╔╝█████╗  ██║     ██║██╔██╗ ██║█████╗  ██║     
██╔═══╝ ██║██╔═══╝ ██╔══╝  ██║     ██║██║╚██╗██║██╔══╝  ██║     
██║     ██║██║     ███████╗███████╗██║██║ ╚████║███████╗╚██████╗
╚═╝     ╚═╝╚═╝     ╚══════╝╚══════╝╚═╝╚═╝  ╚═══╝╚══════╝ ╚═════╝

Output directory: /home/devel/pico-ice/PipelineC/blink-ex/ice_makefile_pipelinec/pipelinec_output
================== Parsing C Code to Logical Hierarchy ================================
Parsing: /home/devel/pico-ice/PipelineC/blink-ex/ice_makefile_pipelinec/top.c
Preprocessing file...
Parsing C syntax...
Parsing non-function definitions...
Parsing derived fsm logic functions...
Doing old-style code generation based on PipelineC supported text patterns...
Elaborating function dataflow...
Using OPEN_TOOLS synthesizing for part: ICE40UP5K-SG48
Elaborating dataflow of function: blinky_main
Elaborating dataflow of function: uart_main
Elaborating user function hierarchies down to raw HDL logic...
Doing obvious logic trimming/collapsing...
Writing generated PipelineC code from elaboration to output directories...
Writing cache of parsed information to file...
================== Writing Resulting Logic to File ================================
Writing log of integer module instances: /home/devel/pico-ice/PipelineC/blink-ex/ice_makefile_pipelinec/pipelinec_output/integer_module_instances.log
Writing VHDL files for all functions (before any added pipelining)...
Writing multi main top level files...
Writing the constant struct+enum definitions as defined from C code...
Writing global wire definitions as parsed from C code...
Writing output files before adding pipelining...
Output VHDL files: /home/devel/pico-ice/PipelineC/blink-ex/ice_makefile_pipelinec/pipelinec_output/vhdl_files.txt
Done.
